{
  "RSpec": {
    "coverage": {
      "/home/leksster/Ruby/simple-todo-list/config/environment.rb": [
        null,
        1,
        null,
        null,
        1
      ],
      "/home/leksster/Ruby/simple-todo-list/config/application.rb": [
        1,
        null,
        1,
        1,
        1,
        null,
        null,
        null,
        1,
        null,
        1,
        1,
        null,
        null,
        null,
        null,
        null,
        null,
        null,
        null,
        null,
        null,
        null,
        null,
        null,
        1,
        null,
        1,
        1,
        1,
        null,
        null
      ],
      "/home/leksster/Ruby/simple-todo-list/config/boot.rb": [
        1,
        null,
        1
      ],
      "/home/leksster/Ruby/simple-todo-list/config/environments/test.rb": [
        1,
        null,
        null,
        null,
        null,
        null,
        null,
        1,
        null,
        null,
        null,
        null,
        1,
        null,
        null,
        1,
        1,
        null,
        null,
        1,
        1,
        null,
        null,
        1,
        null,
        null,
        1,
        null,
        null,
        null,
        null,
        1,
        null,
        null,
        1,
        null,
        null,
        1,
        null,
        null,
        null,
        null
      ],
      "/home/leksster/Ruby/simple-todo-list/config/initializers/assets.rb": [
        null,
        null,
        null,
        1,
        null,
        null,
        null,
        null,
        null,
        null,
        null
      ],
      "/home/leksster/Ruby/simple-todo-list/config/initializers/backtrace_silencers.rb": [
        null,
        null,
        null,
        null,
        null,
        null,
        null
      ],
      "/home/leksster/Ruby/simple-todo-list/config/initializers/bower_rails.rb": [
        1,
        null,
        null,
        null,
        null,
        null,
        null,
        null,
        null,
        null,
        null,
        null,
        null,
        null,
        null,
        null,
        null,
        null,
        null
      ],
      "/home/leksster/Ruby/simple-todo-list/config/initializers/cookies_serializer.rb": [
        null,
        null,
        1
      ],
      "/home/leksster/Ruby/simple-todo-list/config/initializers/devise.rb": [
        null,
        null,
        1,
        null,
        null,
        null,
        null,
        null,
        null,
        null,
        null,
        null,
        null,
        null,
        1,
        null,
        null,
        null,
        null,
        null,
        null,
        null,
        null,
        1,
        null,
        null,
        null,
        null,
        null,
        null,
        null,
        null,
        null,
        null,
        null,
        null,
        null,
        null,
        null,
        null,
        null,
        null,
        null,
        null,
        null,
        1,
        null,
        null,
        null,
        null,
        1,
        null,
        null,
        null,
        null,
        null,
        null,
        null,
        null,
        null,
        null,
        null,
        null,
        null,
        null,
        null,
        null,
        null,
        null,
        null,
        null,
        null,
        null,
        null,
        null,
        null,
        null,
        null,
        null,
        null,
        null,
        1,
        null,
        null,
        null,
        null,
        null,
        null,
        null,
        null,
        null,
        null,
        null,
        null,
        null,
        null,
        null,
        null,
        1,
        null,
        null,
        null,
        null,
        null,
        null,
        null,
        null,
        null,
        null,
        null,
        null,
        null,
        null,
        null,
        null,
        null,
        null,
        null,
        null,
        null,
        null,
        null,
        null,
        null,
        null,
        null,
        1,
        null,
        null,
        null,
        null,
        null,
        null,
        null,
        null,
        null,
        1,
        null,
        null,
        null,
        null,
        null,
        null,
        null,
        null,
        null,
        null,
        1,
        null,
        null,
        null,
        null,
        null,
        null,
        null,
        null,
        null,
        null,
        null,
        null,
        null,
        null,
        null,
        null,
        null,
        null,
        null,
        null,
        null,
        null,
        null,
        null,
        null,
        null,
        null,
        null,
        null,
        null,
        null,
        null,
        null,
        null,
        null,
        null,
        null,
        null,
        null,
        null,
        null,
        null,
        null,
        null,
        null,
        1,
        null,
        null,
        null,
        null,
        null,
        null,
        null,
        null,
        null,
        null,
        null,
        null,
        null,
        null,
        null,
        null,
        null,
        null,
        null,
        null,
        null,
        null,
        null,
        null,
        null,
        null,
        null,
        null,
        null,
        null,
        null,
        null,
        null,
        null,
        null,
        null,
        null,
        null,
        null,
        null,
        null,
        1,
        null,
        null,
        null,
        null,
        null,
        null,
        null,
        null,
        null,
        null,
        null,
        null,
        null,
        null,
        null,
        null,
        null,
        null,
        null,
        null,
        null,
        null,
        null,
        null,
        null,
        null,
        null,
        null,
        null
      ],
      "/home/leksster/Ruby/simple-todo-list/config/initializers/devise_token_auth.rb": [
        1,
        null,
        null,
        null,
        null,
        null,
        null,
        null,
        null,
        null,
        null,
        null,
        null,
        null,
        null,
        null,
        null,
        null,
        null,
        null,
        null,
        null,
        null,
        null,
        null,
        null,
        null,
        null,
        null,
        null,
        null,
        null,
        null,
        null,
        null,
        null,
        null
      ],
      "/home/leksster/Ruby/simple-todo-list/config/initializers/filter_parameter_logging.rb": [
        null,
        null,
        null,
        1
      ],
      "/home/leksster/Ruby/simple-todo-list/config/initializers/inflections.rb": [
        null,
        null,
        null,
        null,
        null,
        null,
        null,
        null,
        null,
        null,
        null,
        null,
        null,
        null,
        null,
        null
      ],
      "/home/leksster/Ruby/simple-todo-list/config/initializers/mime_types.rb": [
        null,
        null,
        null,
        null
      ],
      "/home/leksster/Ruby/simple-todo-list/config/initializers/omniauth.rb": [
        1,
        1,
        null
      ],
      "/home/leksster/Ruby/simple-todo-list/config/initializers/session_store.rb": [
        null,
        null,
        1
      ],
      "/home/leksster/Ruby/simple-todo-list/config/initializers/wrap_parameters.rb": [
        null,
        null,
        null,
        null,
        null,
        null,
        1,
        1,
        null,
        null,
        null,
        null,
        null,
        null
      ],
      "/home/leksster/Ruby/simple-todo-list/config/routes.rb": [
        1,
        null,
        1,
        null,
        1,
        1,
        1,
        1,
        1,
        null,
        null,
        null,
        null,
        null,
        1,
        null,
        null,
        null,
        null,
        null,
        null,
        null,
        null,
        null,
        null,
        null,
        null,
        null,
        null,
        null,
        null,
        null,
        null,
        null,
        null,
        null,
        null,
        null,
        null,
        null,
        null,
        null,
        null,
        null,
        null,
        null,
        null,
        null,
        null,
        null,
        null,
        null,
        null,
        null,
        null,
        null,
        null,
        null,
        null,
        null,
        null,
        null,
        null,
        null,
        null,
        null,
        null,
        null,
        null,
        null
      ],
      "/home/leksster/Ruby/simple-todo-list/app/models/user.rb": [
        1,
        null,
        null,
        1,
        null,
        1,
        null,
        1,
        1,
        1,
        null
      ],
      "/home/leksster/Ruby/simple-todo-list/app/helpers/application_helper.rb": [
        1,
        null
      ],
      "/home/leksster/Ruby/simple-todo-list/app/helpers/home_helper.rb": [
        1,
        null
      ],
      "/home/leksster/Ruby/simple-todo-list/app/controllers/api/comments_controller.rb": [
        1,
        1,
        1,
        null,
        1,
        5,
        5,
        null,
        null,
        1,
        3,
        3,
        null,
        null,
        1,
        4,
        4,
        null,
        null,
        1,
        1,
        8,
        null,
        null
      ],
      "/home/leksster/Ruby/simple-todo-list/app/controllers/application_controller.rb": [
        1,
        1,
        null,
        null,
        1,
        null
      ],
      "/home/leksster/Ruby/simple-todo-list/app/controllers/api/projects_controller.rb": [
        1,
        1,
        null,
        1,
        null,
        null,
        1,
        null,
        null,
        1,
        5,
        5,
        null,
        null,
        1,
        4,
        4,
        null,
        null,
        1,
        4,
        4,
        null,
        null,
        1,
        null,
        1,
        11,
        null,
        null
      ],
      "/home/leksster/Ruby/simple-todo-list/app/controllers/api/tasks_controller.rb": [
        1,
        1,
        1,
        null,
        1,
        4,
        4,
        null,
        null,
        1,
        4,
        4,
        null,
        null,
        1,
        4,
        4,
        null,
        null,
        1,
        null,
        1,
        8,
        null,
        null
      ],
      "/home/leksster/Ruby/simple-todo-list/app/models/ability.rb": [
        1,
        1,
        null,
        1,
        null,
        31,
        null,
        31,
        0,
        null,
        31,
        31,
        31,
        null,
        null,
        null,
        null,
        null,
        null,
        null,
        null,
        null,
        null,
        null,
        null,
        null,
        null,
        null,
        null,
        null,
        null,
        null,
        null,
        null,
        null,
        null,
        null,
        null,
        null,
        null,
        null,
        null
      ],
      "/home/leksster/Ruby/simple-todo-list/app/models/attach.rb": [
        1,
        1,
        null,
        1,
        null
      ],
      "/home/leksster/Ruby/simple-todo-list/app/uploaders/attach_uploader.rb": [
        null,
        null,
        1,
        null,
        null,
        null,
        null,
        null,
        null,
        1,
        null,
        null,
        null,
        null,
        1,
        1,
        null,
        null,
        null,
        null,
        null,
        null,
        null,
        null,
        null,
        null,
        null,
        null,
        null,
        null,
        null,
        null,
        null,
        null,
        null,
        null,
        null,
        null,
        null,
        null,
        null,
        null,
        null,
        null,
        null,
        null,
        null,
        null,
        null,
        null,
        null
      ],
      "/home/leksster/Ruby/simple-todo-list/app/models/comment.rb": [
        1,
        1,
        1,
        null,
        1,
        null,
        1,
        null
      ],
      "/home/leksster/Ruby/simple-todo-list/app/models/project.rb": [
        1,
        1,
        1,
        1,
        1,
        null
      ],
      "/home/leksster/Ruby/simple-todo-list/app/models/task.rb": [
        1,
        1,
        1,
        null,
        1,
        null,
        1,
        null
      ],
      "/home/leksster/Ruby/simple-todo-list/app/controllers/home_controller.rb": [
        1,
        null,
        null,
        1,
        null,
        null
      ]
    },
    "timestamp": 1460190519
  }
}
